mode: set
github.com/ritankarsaha/git-tool/internal/config/config.go:48.38,50.16 2 1
github.com/ritankarsaha/git-tool/internal/config/config.go:50.16,52.3 1 0
github.com/ritankarsaha/git-tool/internal/config/config.go:54.2,55.54 2 1
github.com/ritankarsaha/git-tool/internal/config/config.go:59.30,61.16 2 1
github.com/ritankarsaha/git-tool/internal/config/config.go:61.16,63.3 1 0
github.com/ritankarsaha/git-tool/internal/config/config.go:66.2,66.55 1 1
github.com/ritankarsaha/git-tool/internal/config/config.go:66.55,68.3 1 1
github.com/ritankarsaha/git-tool/internal/config/config.go:70.2,71.16 2 1
github.com/ritankarsaha/git-tool/internal/config/config.go:71.16,73.3 1 0
github.com/ritankarsaha/git-tool/internal/config/config.go:75.2,76.54 2 1
github.com/ritankarsaha/git-tool/internal/config/config.go:76.54,78.3 1 1
github.com/ritankarsaha/git-tool/internal/config/config.go:81.2,83.21 2 1
github.com/ritankarsaha/git-tool/internal/config/config.go:87.31,89.16 2 1
github.com/ritankarsaha/git-tool/internal/config/config.go:89.16,91.3 1 0
github.com/ritankarsaha/git-tool/internal/config/config.go:94.2,95.53 2 1
github.com/ritankarsaha/git-tool/internal/config/config.go:95.53,97.3 1 0
github.com/ritankarsaha/git-tool/internal/config/config.go:99.2,100.16 2 1
github.com/ritankarsaha/git-tool/internal/config/config.go:100.16,102.3 1 0
github.com/ritankarsaha/git-tool/internal/config/config.go:104.2,104.61 1 1
github.com/ritankarsaha/git-tool/internal/config/config.go:104.61,106.3 1 0
github.com/ritankarsaha/git-tool/internal/config/config.go:108.2,108.12 1 1
github.com/ritankarsaha/git-tool/internal/config/config.go:112.33,129.2 1 1
github.com/ritankarsaha/git-tool/internal/config/config.go:132.35,135.36 2 1
github.com/ritankarsaha/git-tool/internal/config/config.go:135.36,137.3 1 0
github.com/ritankarsaha/git-tool/internal/config/config.go:138.2,138.27 1 1
github.com/ritankarsaha/git-tool/internal/config/config.go:138.27,140.3 1 0
github.com/ritankarsaha/git-tool/internal/config/config.go:141.2,141.29 1 1
github.com/ritankarsaha/git-tool/internal/config/config.go:141.29,143.3 1 0
github.com/ritankarsaha/git-tool/internal/config/config.go:144.2,144.33 1 1
github.com/ritankarsaha/git-tool/internal/config/config.go:144.33,146.3 1 0
github.com/ritankarsaha/git-tool/internal/config/config.go:147.2,147.36 1 1
github.com/ritankarsaha/git-tool/internal/config/config.go:147.36,149.3 1 0
github.com/ritankarsaha/git-tool/internal/config/config.go:153.53,156.2 2 0
github.com/ritankarsaha/git-tool/internal/config/config.go:159.42,161.53 1 1
github.com/ritankarsaha/git-tool/internal/config/config.go:161.53,163.3 1 1
github.com/ritankarsaha/git-tool/internal/config/config.go:166.2,166.23 1 1
github.com/ritankarsaha/git-tool/internal/config/config.go:170.38,172.2 1 0
github.com/ritankarsaha/git-tool/internal/config/config.go:175.35,176.24 1 0
github.com/ritankarsaha/git-tool/internal/config/config.go:176.24,178.3 1 0
github.com/ritankarsaha/git-tool/internal/config/config.go:180.2,182.36 3 0
github.com/ritankarsaha/git-tool/internal/config/config.go:182.36,183.26 1 0
github.com/ritankarsaha/git-tool/internal/config/config.go:183.26,185.9 2 0
github.com/ritankarsaha/git-tool/internal/config/config.go:188.2,188.17 1 0
github.com/ritankarsaha/git-tool/internal/config/config.go:188.17,190.3 1 0
github.com/ritankarsaha/git-tool/internal/config/config.go:192.2,192.12 1 0
github.com/ritankarsaha/git-tool/internal/config/manager.go:52.28,69.2 6 0
github.com/ritankarsaha/git-tool/internal/config/manager.go:72.65,73.16 1 0
github.com/ritankarsaha/git-tool/internal/config/manager.go:73.16,75.3 1 0
github.com/ritankarsaha/git-tool/internal/config/manager.go:77.2,78.16 2 0
github.com/ritankarsaha/git-tool/internal/config/manager.go:78.16,80.3 1 0
github.com/ritankarsaha/git-tool/internal/config/manager.go:82.2,84.16 3 0
github.com/ritankarsaha/git-tool/internal/config/manager.go:84.16,86.3 1 0
github.com/ritankarsaha/git-tool/internal/config/manager.go:89.2,89.54 1 0
github.com/ritankarsaha/git-tool/internal/config/manager.go:89.54,91.3 1 0
github.com/ritankarsaha/git-tool/internal/config/manager.go:94.2,94.43 1 0
github.com/ritankarsaha/git-tool/internal/config/manager.go:94.43,96.3 1 0
github.com/ritankarsaha/git-tool/internal/config/manager.go:99.2,99.39 1 0
github.com/ritankarsaha/git-tool/internal/config/manager.go:99.39,101.17 2 0
github.com/ritankarsaha/git-tool/internal/config/manager.go:101.17,103.4 1 0
github.com/ritankarsaha/git-tool/internal/config/manager.go:104.3,104.20 1 0
github.com/ritankarsaha/git-tool/internal/config/manager.go:107.2,107.20 1 0
github.com/ritankarsaha/git-tool/internal/config/manager.go:111.70,112.19 1 0
github.com/ritankarsaha/git-tool/internal/config/manager.go:112.19,114.3 1 0
github.com/ritankarsaha/git-tool/internal/config/manager.go:115.2,115.16 1 0
github.com/ritankarsaha/git-tool/internal/config/manager.go:115.16,117.3 1 0
github.com/ritankarsaha/git-tool/internal/config/manager.go:120.2,120.28 1 0
github.com/ritankarsaha/git-tool/internal/config/manager.go:120.28,122.3 1 0
github.com/ritankarsaha/git-tool/internal/config/manager.go:123.2,126.53 2 0
github.com/ritankarsaha/git-tool/internal/config/manager.go:126.53,129.3 1 0
github.com/ritankarsaha/git-tool/internal/config/manager.go:132.2,132.43 1 0
github.com/ritankarsaha/git-tool/internal/config/manager.go:132.43,134.3 1 0
github.com/ritankarsaha/git-tool/internal/config/manager.go:136.2,138.16 3 0
github.com/ritankarsaha/git-tool/internal/config/manager.go:138.16,140.3 1 0
github.com/ritankarsaha/git-tool/internal/config/manager.go:143.2,143.62 1 0
github.com/ritankarsaha/git-tool/internal/config/manager.go:143.62,145.3 1 0
github.com/ritankarsaha/git-tool/internal/config/manager.go:148.2,149.59 2 0
github.com/ritankarsaha/git-tool/internal/config/manager.go:149.59,151.3 1 0
github.com/ritankarsaha/git-tool/internal/config/manager.go:154.2,154.50 1 0
github.com/ritankarsaha/git-tool/internal/config/manager.go:154.50,157.3 2 0
github.com/ritankarsaha/git-tool/internal/config/manager.go:159.2,159.12 1 0
github.com/ritankarsaha/git-tool/internal/config/manager.go:163.61,164.19 1 0
github.com/ritankarsaha/git-tool/internal/config/manager.go:164.19,166.3 1 0
github.com/ritankarsaha/git-tool/internal/config/manager.go:168.2,171.26 2 0
github.com/ritankarsaha/git-tool/internal/config/manager.go:171.26,177.3 1 0
github.com/ritankarsaha/git-tool/internal/config/manager.go:180.2,180.24 1 0
github.com/ritankarsaha/git-tool/internal/config/manager.go:180.24,181.55 1 0
github.com/ritankarsaha/git-tool/internal/config/manager.go:181.55,183.4 1 0
github.com/ritankarsaha/git-tool/internal/config/manager.go:184.8,190.3 1 0
github.com/ritankarsaha/git-tool/internal/config/manager.go:193.2,193.29 1 0
github.com/ritankarsaha/git-tool/internal/config/manager.go:193.29,194.65 1 0
github.com/ritankarsaha/git-tool/internal/config/manager.go:194.65,196.4 1 0
github.com/ritankarsaha/git-tool/internal/config/manager.go:200.2,200.27 1 0
github.com/ritankarsaha/git-tool/internal/config/manager.go:200.27,201.61 1 0
github.com/ritankarsaha/git-tool/internal/config/manager.go:201.61,203.4 1 0
github.com/ritankarsaha/git-tool/internal/config/manager.go:207.2,207.22 1 0
github.com/ritankarsaha/git-tool/internal/config/manager.go:207.22,208.51 1 0
github.com/ritankarsaha/git-tool/internal/config/manager.go:208.51,210.4 1 0
github.com/ritankarsaha/git-tool/internal/config/manager.go:214.2,214.28 1 0
github.com/ritankarsaha/git-tool/internal/config/manager.go:214.28,215.63 1 0
github.com/ritankarsaha/git-tool/internal/config/manager.go:215.63,217.4 1 0
github.com/ritankarsaha/git-tool/internal/config/manager.go:221.2,221.28 1 0
github.com/ritankarsaha/git-tool/internal/config/manager.go:221.28,222.63 1 0
github.com/ritankarsaha/git-tool/internal/config/manager.go:222.63,224.4 1 0
github.com/ritankarsaha/git-tool/internal/config/manager.go:227.2,227.21 1 0
github.com/ritankarsaha/git-tool/internal/config/manager.go:227.21,229.3 1 0
github.com/ritankarsaha/git-tool/internal/config/manager.go:231.2,231.12 1 0
github.com/ritankarsaha/git-tool/internal/config/manager.go:235.75,237.13 2 0
github.com/ritankarsaha/git-tool/internal/config/manager.go:237.13,239.3 1 0
github.com/ritankarsaha/git-tool/internal/config/manager.go:241.2,243.29 2 0
github.com/ritankarsaha/git-tool/internal/config/manager.go:243.29,244.53 1 0
github.com/ritankarsaha/git-tool/internal/config/manager.go:244.53,245.60 1 0
github.com/ritankarsaha/git-tool/internal/config/manager.go:245.60,247.5 1 0
github.com/ritankarsaha/git-tool/internal/config/manager.go:247.10,253.5 1 0
github.com/ritankarsaha/git-tool/internal/config/manager.go:257.2,257.21 1 0
github.com/ritankarsaha/git-tool/internal/config/manager.go:257.21,259.3 1 0
github.com/ritankarsaha/git-tool/internal/config/manager.go:261.2,261.12 1 0
github.com/ritankarsaha/git-tool/internal/config/manager.go:265.111,266.19 1 0
github.com/ritankarsaha/git-tool/internal/config/manager.go:266.19,268.3 1 0
github.com/ritankarsaha/git-tool/internal/config/manager.go:270.2,270.37 1 0
github.com/ritankarsaha/git-tool/internal/config/manager.go:270.37,272.3 1 0
github.com/ritankarsaha/git-tool/internal/config/manager.go:274.2,275.16 2 0
github.com/ritankarsaha/git-tool/internal/config/manager.go:275.16,277.3 1 0
github.com/ritankarsaha/git-tool/internal/config/manager.go:279.2,280.44 2 0
github.com/ritankarsaha/git-tool/internal/config/manager.go:280.44,286.14 5 0
github.com/ritankarsaha/git-tool/internal/config/manager.go:286.14,288.4 1 0
github.com/ritankarsaha/git-tool/internal/config/manager.go:290.3,291.17 2 0
github.com/ritankarsaha/git-tool/internal/config/manager.go:291.17,293.4 1 0
github.com/ritankarsaha/git-tool/internal/config/manager.go:295.3,296.23 2 0
github.com/ritankarsaha/git-tool/internal/config/manager.go:299.2,299.21 1 0
github.com/ritankarsaha/git-tool/internal/config/manager.go:303.99,310.29 4 0
github.com/ritankarsaha/git-tool/internal/config/manager.go:310.29,311.23 1 0
github.com/ritankarsaha/git-tool/internal/config/manager.go:311.23,313.4 1 0
github.com/ritankarsaha/git-tool/internal/config/manager.go:314.3,314.21 1 0
github.com/ritankarsaha/git-tool/internal/config/manager.go:314.21,316.4 1 0
github.com/ritankarsaha/git-tool/internal/config/manager.go:319.2,319.21 1 0
github.com/ritankarsaha/git-tool/internal/config/manager.go:319.21,321.3 1 0
github.com/ritankarsaha/git-tool/internal/config/manager.go:322.2,322.19 1 0
github.com/ritankarsaha/git-tool/internal/config/manager.go:322.19,324.3 1 0
github.com/ritankarsaha/git-tool/internal/config/manager.go:326.2,326.26 1 0
github.com/ritankarsaha/git-tool/internal/config/manager.go:326.26,328.3 1 0
github.com/ritankarsaha/git-tool/internal/config/manager.go:330.2,331.25 2 0
github.com/ritankarsaha/git-tool/internal/config/manager.go:331.25,332.41 1 0
github.com/ritankarsaha/git-tool/internal/config/manager.go:332.41,334.4 1 0
github.com/ritankarsaha/git-tool/internal/config/manager.go:335.8,338.3 1 0
github.com/ritankarsaha/git-tool/internal/config/manager.go:340.2,340.18 1 0
github.com/ritankarsaha/git-tool/internal/config/manager.go:344.88,345.17 1 0
github.com/ritankarsaha/git-tool/internal/config/manager.go:345.17,347.3 1 0
github.com/ritankarsaha/git-tool/internal/config/manager.go:348.2,348.21 1 0
github.com/ritankarsaha/git-tool/internal/config/manager.go:348.21,350.3 1 0
github.com/ritankarsaha/git-tool/internal/config/manager.go:353.2,354.16 2 0
github.com/ritankarsaha/git-tool/internal/config/manager.go:354.16,356.3 1 0
github.com/ritankarsaha/git-tool/internal/config/manager.go:359.2,359.57 1 0
github.com/ritankarsaha/git-tool/internal/config/manager.go:359.57,361.3 1 0
github.com/ritankarsaha/git-tool/internal/config/manager.go:363.2,363.20 1 0
github.com/ritankarsaha/git-tool/internal/config/manager.go:367.117,368.19 1 0
github.com/ritankarsaha/git-tool/internal/config/manager.go:368.19,370.3 1 0
github.com/ritankarsaha/git-tool/internal/config/manager.go:373.2,374.16 2 0
github.com/ritankarsaha/git-tool/internal/config/manager.go:374.16,376.3 1 0
github.com/ritankarsaha/git-tool/internal/config/manager.go:379.2,380.36 2 0
github.com/ritankarsaha/git-tool/internal/config/manager.go:380.36,383.3 2 0
github.com/ritankarsaha/git-tool/internal/config/manager.go:386.2,387.65 2 0
github.com/ritankarsaha/git-tool/internal/config/manager.go:387.65,389.3 1 0
github.com/ritankarsaha/git-tool/internal/config/manager.go:391.2,391.21 1 0
github.com/ritankarsaha/git-tool/internal/config/manager.go:395.72,396.19 1 0
github.com/ritankarsaha/git-tool/internal/config/manager.go:396.19,398.3 1 0
github.com/ritankarsaha/git-tool/internal/config/manager.go:401.2,402.41 1 0
github.com/ritankarsaha/git-tool/internal/config/manager.go:402.41,403.26 1 0
github.com/ritankarsaha/git-tool/internal/config/manager.go:403.26,405.5 1 0
github.com/ritankarsaha/git-tool/internal/config/manager.go:407.47,408.26 1 0
github.com/ritankarsaha/git-tool/internal/config/manager.go:408.26,410.5 1 0
github.com/ritankarsaha/git-tool/internal/config/manager.go:412.45,413.29 1 0
github.com/ritankarsaha/git-tool/internal/config/manager.go:413.29,415.5 1 0
github.com/ritankarsaha/git-tool/internal/config/manager.go:417.50,418.30 1 0
github.com/ritankarsaha/git-tool/internal/config/manager.go:418.30,420.5 1 0
github.com/ritankarsaha/git-tool/internal/config/manager.go:425.2,425.42 1 0
github.com/ritankarsaha/git-tool/internal/config/manager.go:425.42,426.46 1 0
github.com/ritankarsaha/git-tool/internal/config/manager.go:426.46,428.4 1 0
github.com/ritankarsaha/git-tool/internal/config/manager.go:431.2,431.12 1 0
github.com/ritankarsaha/git-tool/internal/config/manager.go:435.84,438.24 2 0
github.com/ritankarsaha/git-tool/internal/config/manager.go:438.24,441.3 2 0
github.com/ritankarsaha/git-tool/internal/config/manager.go:443.2,443.27 1 0
github.com/ritankarsaha/git-tool/internal/config/manager.go:443.27,445.3 1 0
github.com/ritankarsaha/git-tool/internal/config/manager.go:447.2,447.28 1 0
github.com/ritankarsaha/git-tool/internal/config/manager.go:447.28,449.3 1 0
github.com/ritankarsaha/git-tool/internal/config/manager.go:451.2,451.12 1 0
github.com/ritankarsaha/git-tool/internal/config/manager.go:455.73,456.17 1 0
github.com/ritankarsaha/git-tool/internal/config/manager.go:457.40,458.33 1 0
github.com/ritankarsaha/git-tool/internal/config/manager.go:459.10,460.61 1 0
github.com/ritankarsaha/git-tool/internal/config/manager.go:465.86,466.17 1 0
github.com/ritankarsaha/git-tool/internal/config/manager.go:467.40,468.30 1 0
github.com/ritankarsaha/git-tool/internal/config/manager.go:469.10,470.61 1 0
github.com/ritankarsaha/git-tool/internal/config/manager.go:475.79,480.49 3 0
github.com/ritankarsaha/git-tool/internal/config/manager.go:480.49,483.3 2 0
github.com/ritankarsaha/git-tool/internal/config/manager.go:486.2,487.16 2 0
github.com/ritankarsaha/git-tool/internal/config/manager.go:487.16,489.3 1 0
github.com/ritankarsaha/git-tool/internal/config/manager.go:491.2,491.42 1 0
github.com/ritankarsaha/git-tool/internal/config/manager.go:491.42,494.3 2 0
github.com/ritankarsaha/git-tool/internal/config/manager.go:496.2,502.12 4 0
github.com/ritankarsaha/git-tool/internal/config/manager.go:506.51,511.13 4 0
github.com/ritankarsaha/git-tool/internal/config/manager.go:511.13,513.3 1 0
github.com/ritankarsaha/git-tool/internal/config/manager.go:515.2,519.12 4 0
github.com/ritankarsaha/git-tool/internal/config/manager.go:524.58,526.13 2 0
github.com/ritankarsaha/git-tool/internal/config/manager.go:527.23,528.20 1 0
github.com/ritankarsaha/git-tool/internal/config/manager.go:529.15,530.20 1 0
github.com/ritankarsaha/git-tool/internal/config/manager.go:531.14,532.19 1 0
github.com/ritankarsaha/git-tool/internal/config/manager.go:533.10,534.20 1 0
github.com/ritankarsaha/git-tool/internal/config/manager.go:538.93,541.16 2 0
github.com/ritankarsaha/git-tool/internal/config/manager.go:542.18,543.55 1 0
github.com/ritankarsaha/git-tool/internal/config/manager.go:543.55,545.4 1 0
github.com/ritankarsaha/git-tool/internal/config/manager.go:546.18,547.55 1 0
github.com/ritankarsaha/git-tool/internal/config/manager.go:547.55,549.4 1 0
github.com/ritankarsaha/git-tool/internal/config/manager.go:550.10,551.59 1 0
github.com/ritankarsaha/git-tool/internal/config/manager.go:554.2,554.21 1 0
github.com/ritankarsaha/git-tool/internal/config/manager.go:557.99,558.16 1 0
github.com/ritankarsaha/git-tool/internal/config/manager.go:559.18,560.46 1 0
github.com/ritankarsaha/git-tool/internal/config/manager.go:561.18,562.30 1 0
github.com/ritankarsaha/git-tool/internal/config/manager.go:563.10,564.59 1 0
github.com/ritankarsaha/git-tool/internal/config/manager.go:568.83,570.16 2 0
github.com/ritankarsaha/git-tool/internal/config/manager.go:570.16,572.3 1 0
github.com/ritankarsaha/git-tool/internal/config/manager.go:574.2,575.52 2 0
github.com/ritankarsaha/git-tool/internal/config/manager.go:575.52,577.3 1 0
github.com/ritankarsaha/git-tool/internal/config/manager.go:579.2,579.19 1 0
github.com/ritankarsaha/git-tool/internal/config/manager.go:582.73,588.2 3 0
github.com/ritankarsaha/git-tool/internal/config/manager.go:590.67,591.25 1 0
github.com/ritankarsaha/git-tool/internal/config/manager.go:591.25,593.3 1 0
github.com/ritankarsaha/git-tool/internal/config/manager.go:595.2,595.25 1 0
github.com/ritankarsaha/git-tool/internal/config/manager.go:596.19,597.23 1 0
github.com/ritankarsaha/git-tool/internal/config/manager.go:597.23,599.4 1 0
github.com/ritankarsaha/git-tool/internal/config/manager.go:600.3,600.19 1 0
github.com/ritankarsaha/git-tool/internal/config/manager.go:600.19,602.4 1 0
github.com/ritankarsaha/git-tool/internal/config/manager.go:603.3,603.53 1 0
github.com/ritankarsaha/git-tool/internal/config/manager.go:605.22,606.44 1 0
github.com/ritankarsaha/git-tool/internal/config/manager.go:606.44,607.74 1 0
github.com/ritankarsaha/git-tool/internal/config/manager.go:607.74,609.5 1 0
github.com/ritankarsaha/git-tool/internal/config/manager.go:612.19,613.23 1 0
github.com/ritankarsaha/git-tool/internal/config/manager.go:613.23,615.4 1 0
github.com/ritankarsaha/git-tool/internal/config/manager.go:616.3,616.19 1 0
github.com/ritankarsaha/git-tool/internal/config/manager.go:616.19,618.4 1 0
github.com/ritankarsaha/git-tool/internal/config/manager.go:619.3,619.42 1 0
github.com/ritankarsaha/git-tool/internal/config/manager.go:619.42,621.4 1 0
github.com/ritankarsaha/git-tool/internal/config/manager.go:623.21,624.23 1 0
github.com/ritankarsaha/git-tool/internal/config/manager.go:624.23,626.4 1 0
github.com/ritankarsaha/git-tool/internal/config/manager.go:627.3,627.21 1 0
github.com/ritankarsaha/git-tool/internal/config/manager.go:629.10,630.25 1 0
github.com/ritankarsaha/git-tool/internal/config/manager.go:630.25,632.4 1 0
github.com/ritankarsaha/git-tool/internal/config/manager.go:635.2,635.12 1 0
github.com/ritankarsaha/git-tool/internal/config/manager.go:638.104,639.6 1 0
github.com/ritankarsaha/git-tool/internal/config/manager.go:639.6,640.10 1 0
github.com/ritankarsaha/git-tool/internal/config/manager.go:641.38,642.11 1 0
github.com/ritankarsaha/git-tool/internal/config/manager.go:642.11,644.5 1 0
github.com/ritankarsaha/git-tool/internal/config/manager.go:645.4,645.49 1 0
github.com/ritankarsaha/git-tool/internal/config/manager.go:645.49,647.48 1 0
github.com/ritankarsaha/git-tool/internal/config/manager.go:647.48,649.6 1 0
github.com/ritankarsaha/git-tool/internal/config/manager.go:651.36,652.11 1 0
github.com/ritankarsaha/git-tool/internal/config/manager.go:652.11,654.5 1 0
github.com/ritankarsaha/git-tool/internal/config/manager.go:655.4,655.42 1 0
github.com/ritankarsaha/git-tool/internal/config/manager.go:660.86,664.51 3 0
github.com/ritankarsaha/git-tool/internal/config/manager.go:664.51,666.3 1 0
github.com/ritankarsaha/git-tool/internal/config/manager.go:669.2,685.12 7 0
github.com/ritankarsaha/git-tool/internal/config/manager.go:693.49,694.24 1 0
github.com/ritankarsaha/git-tool/internal/config/manager.go:694.24,696.3 1 0
github.com/ritankarsaha/git-tool/internal/config/manager.go:697.2,697.73 1 0
github.com/ritankarsaha/git-tool/internal/config/manager.go:701.78,704.2 1 0
github.com/ritankarsaha/git-tool/internal/config/manager.go:706.74,710.2 2 0
github.com/ritankarsaha/git-tool/internal/config/manager.go:712.89,716.2 2 0
github.com/ritankarsaha/git-tool/internal/config/manager.go:718.83,722.2 2 0
github.com/ritankarsaha/git-tool/internal/config/manager.go:724.68,728.2 2 0
github.com/ritankarsaha/git-tool/internal/config/manager.go:730.86,734.2 2 0
github.com/ritankarsaha/git-tool/internal/config/manager.go:736.86,740.2 2 0
github.com/ritankarsaha/git-tool/internal/config/manager.go:742.45,759.2 1 0
github.com/ritankarsaha/git-tool/internal/config/manager.go:761.47,767.72 1 0
github.com/ritankarsaha/git-tool/internal/config/manager.go:767.72,770.4 1 0
github.com/ritankarsaha/git-tool/internal/config/manager.go:774.47,776.2 0 0
github.com/ritankarsaha/git-tool/internal/config/manager.go:778.46,780.2 0 0
github.com/ritankarsaha/git-tool/internal/config/manager.go:782.48,789.2 1 0
github.com/ritankarsaha/git-tool/internal/config/types.go:403.47,405.2 1 0
