mode: set
github.com/ritankarsaha/git-tool/internal/git/commands.go:15.19,18.2 2 1
github.com/ritankarsaha/git-tool/internal/git/commands.go:20.30,23.2 2 1
github.com/ritankarsaha/git-tool/internal/git/commands.go:26.38,29.2 2 1
github.com/ritankarsaha/git-tool/internal/git/commands.go:31.38,34.2 2 1
github.com/ritankarsaha/git-tool/internal/git/commands.go:36.38,39.2 2 1
github.com/ritankarsaha/git-tool/internal/git/commands.go:41.39,43.16 2 1
github.com/ritankarsaha/git-tool/internal/git/commands.go:43.16,45.3 1 0
github.com/ritankarsaha/git-tool/internal/git/commands.go:46.2,47.22 2 1
github.com/ritankarsaha/git-tool/internal/git/commands.go:51.31,53.2 1 1
github.com/ritankarsaha/git-tool/internal/git/commands.go:55.38,56.21 1 1
github.com/ritankarsaha/git-tool/internal/git/commands.go:56.21,59.3 2 0
github.com/ritankarsaha/git-tool/internal/git/commands.go:60.2,61.12 2 1
github.com/ritankarsaha/git-tool/internal/git/commands.go:64.35,67.2 2 1
github.com/ritankarsaha/git-tool/internal/git/commands.go:70.40,73.2 2 1
github.com/ritankarsaha/git-tool/internal/git/commands.go:75.40,78.2 2 1
github.com/ritankarsaha/git-tool/internal/git/commands.go:80.33,83.2 2 1
github.com/ritankarsaha/git-tool/internal/git/commands.go:86.33,88.2 1 1
github.com/ritankarsaha/git-tool/internal/git/commands.go:90.40,92.2 1 0
github.com/ritankarsaha/git-tool/internal/git/commands.go:95.38,98.2 2 1
github.com/ritankarsaha/git-tool/internal/git/commands.go:100.23,103.2 2 1
github.com/ritankarsaha/git-tool/internal/git/commands.go:105.34,107.2 1 1
github.com/ritankarsaha/git-tool/internal/git/commands.go:110.44,113.2 2 1
github.com/ritankarsaha/git-tool/internal/git/commands.go:115.35,118.2 2 1
github.com/ritankarsaha/git-tool/internal/git/commands.go:120.33,122.2 1 1
github.com/ritankarsaha/git-tool/internal/git/commands.go:127.43,130.2 2 0
github.com/ritankarsaha/git-tool/internal/git/commands.go:132.46,135.2 2 0
github.com/ritankarsaha/git-tool/internal/git/commands.go:137.29,140.2 2 0
github.com/ritankarsaha/git-tool/internal/git/commands.go:142.26,145.2 2 0
github.com/ritankarsaha/git-tool/internal/git/commands.go:147.25,150.2 2 0
github.com/ritankarsaha/git-tool/internal/git/commands.go:153.42,156.2 2 0
github.com/ritankarsaha/git-tool/internal/git/commands.go:158.59,161.2 2 0
github.com/ritankarsaha/git-tool/internal/git/commands.go:163.33,166.2 2 0
github.com/ritankarsaha/git-tool/internal/git/commands.go:168.30,171.2 2 0
github.com/ritankarsaha/git-tool/internal/git/commands.go:174.37,177.2 2 0
github.com/ritankarsaha/git-tool/internal/git/commands.go:179.38,182.2 2 0
github.com/ritankarsaha/git-tool/internal/git/commands.go:184.37,187.2 2 0
github.com/ritankarsaha/git-tool/internal/git/commands.go:189.35,192.2 2 0
github.com/ritankarsaha/git-tool/internal/git/commands.go:195.38,198.2 2 0
github.com/ritankarsaha/git-tool/internal/git/commands.go:200.46,203.2 2 0
github.com/ritankarsaha/git-tool/internal/git/commands.go:206.33,209.2 2 0
github.com/ritankarsaha/git-tool/internal/git/commands.go:211.37,214.2 2 0
github.com/ritankarsaha/git-tool/internal/git/commands.go:216.39,219.2 2 0
github.com/ritankarsaha/git-tool/internal/git/commands.go:221.25,224.2 2 0
github.com/ritankarsaha/git-tool/internal/git/commands.go:226.28,229.2 2 0
github.com/ritankarsaha/git-tool/internal/git/commands.go:232.26,235.2 2 0
github.com/ritankarsaha/git-tool/internal/git/commands.go:237.37,238.18 1 0
github.com/ritankarsaha/git-tool/internal/git/commands.go:238.18,241.3 2 0
github.com/ritankarsaha/git-tool/internal/git/commands.go:242.2,243.12 2 0
github.com/ritankarsaha/git-tool/internal/git/commands.go:246.38,247.18 1 0
github.com/ritankarsaha/git-tool/internal/git/commands.go:247.18,250.3 2 0
github.com/ritankarsaha/git-tool/internal/git/commands.go:251.2,252.12 2 0
github.com/ritankarsaha/git-tool/internal/git/commands.go:255.26,258.2 2 0
github.com/ritankarsaha/git-tool/internal/git/commands.go:260.25,263.2 2 0
github.com/ritankarsaha/git-tool/internal/git/commands.go:266.40,269.2 2 0
github.com/ritankarsaha/git-tool/internal/git/commands.go:271.38,274.2 2 0
github.com/ritankarsaha/git-tool/internal/git/commands.go:276.50,279.2 2 0
github.com/ritankarsaha/git-tool/internal/git/commands.go:281.36,283.2 1 0
github.com/ritankarsaha/git-tool/internal/git/commands.go:285.43,288.2 2 0
github.com/ritankarsaha/git-tool/internal/git/commands.go:291.38,294.2 2 0
github.com/ritankarsaha/git-tool/internal/git/commands.go:296.42,299.2 2 0
github.com/ritankarsaha/git-tool/internal/git/commands.go:301.61,302.22 1 0
github.com/ritankarsaha/git-tool/internal/git/commands.go:302.22,305.3 2 0
github.com/ritankarsaha/git-tool/internal/git/commands.go:306.2,307.12 2 0
github.com/ritankarsaha/git-tool/internal/git/commands.go:311.20,314.2 2 0
github.com/ritankarsaha/git-tool/internal/git/commands.go:316.36,318.2 1 0
github.com/ritankarsaha/git-tool/internal/git/commands.go:321.54,323.12 2 0
github.com/ritankarsaha/git-tool/internal/git/commands.go:323.12,325.3 1 0
github.com/ritankarsaha/git-tool/internal/git/commands.go:326.2,327.12 2 0
github.com/ritankarsaha/git-tool/internal/git/commands.go:330.57,332.12 2 0
github.com/ritankarsaha/git-tool/internal/git/commands.go:332.12,334.3 1 0
github.com/ritankarsaha/git-tool/internal/git/commands.go:335.2,335.64 1 0
github.com/ritankarsaha/git-tool/internal/git/commands.go:339.43,342.2 2 0
github.com/ritankarsaha/git-tool/internal/git/commands.go:344.31,347.2 2 0
github.com/ritankarsaha/git-tool/internal/git/commands.go:349.41,357.31 2 0
github.com/ritankarsaha/git-tool/internal/git/commands.go:357.31,358.44 1 0
github.com/ritankarsaha/git-tool/internal/git/commands.go:358.44,360.4 1 0
github.com/ritankarsaha/git-tool/internal/git/commands.go:362.2,362.12 1 0
github.com/ritankarsaha/git-tool/internal/git/commands.go:366.49,369.2 2 0
github.com/ritankarsaha/git-tool/internal/git/commands.go:372.48,374.2 1 0
github.com/ritankarsaha/git-tool/internal/git/commands.go:376.35,378.2 1 0
github.com/ritankarsaha/git-tool/internal/git/commands.go:381.31,383.2 1 0
github.com/ritankarsaha/git-tool/internal/git/commands.go:385.27,388.2 2 0
github.com/ritankarsaha/git-tool/internal/git/commands.go:391.39,393.2 1 0
github.com/ritankarsaha/git-tool/internal/git/commands.go:395.47,397.2 1 0
github.com/ritankarsaha/git-tool/internal/git/commands.go:399.45,401.2 1 0
github.com/ritankarsaha/git-tool/internal/git/commands.go:403.55,405.2 1 0
github.com/ritankarsaha/git-tool/internal/git/commands.go:407.63,409.2 1 0
github.com/ritankarsaha/git-tool/internal/git/commands.go:411.57,413.2 1 0
github.com/ritankarsaha/git-tool/internal/git/commands.go:415.59,417.2 1 0
github.com/ritankarsaha/git-tool/internal/git/commands.go:420.43,423.2 2 0
github.com/ritankarsaha/git-tool/internal/git/commands.go:425.61,428.2 2 0
github.com/ritankarsaha/git-tool/internal/git/commands.go:430.41,433.2 2 0
github.com/ritankarsaha/git-tool/internal/git/commands.go:435.56,437.2 1 0
github.com/ritankarsaha/git-tool/internal/git/commands.go:440.53,443.2 2 0
github.com/ritankarsaha/git-tool/internal/git/commands.go:445.54,447.2 1 0
github.com/ritankarsaha/git-tool/internal/git/commands.go:449.56,451.2 1 0
github.com/ritankarsaha/git-tool/internal/git/commands.go:453.58,456.2 2 0
github.com/ritankarsaha/git-tool/internal/git/commands.go:459.38,461.2 1 0
github.com/ritankarsaha/git-tool/internal/git/commands.go:463.45,464.18 1 0
github.com/ritankarsaha/git-tool/internal/git/commands.go:464.18,467.3 2 0
github.com/ritankarsaha/git-tool/internal/git/commands.go:468.2,469.12 2 0
github.com/ritankarsaha/git-tool/internal/git/commands.go:472.40,475.2 2 0
github.com/ritankarsaha/git-tool/internal/git/commands.go:477.50,480.2 2 0
github.com/ritankarsaha/git-tool/internal/git/commands.go:482.29,485.2 2 0
github.com/ritankarsaha/git-tool/internal/git/commands.go:488.29,491.2 2 0
github.com/ritankarsaha/git-tool/internal/git/commands.go:493.41,495.2 1 0
github.com/ritankarsaha/git-tool/internal/git/commands.go:497.33,504.31 2 0
github.com/ritankarsaha/git-tool/internal/git/commands.go:504.31,505.44 1 0
github.com/ritankarsaha/git-tool/internal/git/commands.go:505.44,507.4 1 0
github.com/ritankarsaha/git-tool/internal/git/commands.go:509.2,509.12 1 0
github.com/ritankarsaha/git-tool/internal/git/commands.go:512.45,514.16 2 0
github.com/ritankarsaha/git-tool/internal/git/commands.go:514.16,516.3 1 0
github.com/ritankarsaha/git-tool/internal/git/commands.go:518.2,526.20 6 0
github.com/ritankarsaha/git-tool/internal/git/commands.go:529.47,530.18 1 0
github.com/ritankarsaha/git-tool/internal/git/commands.go:530.18,532.3 1 0
github.com/ritankarsaha/git-tool/internal/git/commands.go:533.2,534.12 2 0
github.com/ritankarsaha/git-tool/internal/git/commands.go:537.45,538.15 1 0
github.com/ritankarsaha/git-tool/internal/git/commands.go:538.15,540.3 1 0
github.com/ritankarsaha/git-tool/internal/git/commands.go:541.2,541.59 1 0
github.com/ritankarsaha/git-tool/internal/git/commands.go:545.29,548.2 2 0
github.com/ritankarsaha/git-tool/internal/git/commands.go:550.42,553.41 2 0
github.com/ritankarsaha/git-tool/internal/git/commands.go:553.41,555.3 1 0
github.com/ritankarsaha/git-tool/internal/git/commands.go:556.2,556.24 1 0
github.com/ritankarsaha/git-tool/internal/git/commands.go:559.44,560.19 1 0
github.com/ritankarsaha/git-tool/internal/git/commands.go:560.19,563.3 2 0
github.com/ritankarsaha/git-tool/internal/git/commands.go:564.2,565.12 2 0
github.com/ritankarsaha/git-tool/internal/git/commands.go:568.64,570.16 2 0
github.com/ritankarsaha/git-tool/internal/git/commands.go:570.16,572.3 1 0
github.com/ritankarsaha/git-tool/internal/git/commands.go:574.2,575.16 2 0
github.com/ritankarsaha/git-tool/internal/git/commands.go:575.16,577.3 1 0
github.com/ritankarsaha/git-tool/internal/git/commands.go:579.2,580.78 1 0
github.com/ritankarsaha/git-tool/internal/git/commands.go:583.61,586.16 2 0
github.com/ritankarsaha/git-tool/internal/git/commands.go:586.16,588.3 1 0
github.com/ritankarsaha/git-tool/internal/git/commands.go:590.2,590.41 1 0
github.com/ritankarsaha/git-tool/internal/git/commands.go:590.41,592.3 1 0
github.com/ritankarsaha/git-tool/internal/git/commands.go:594.2,594.63 1 0
github.com/ritankarsaha/git-tool/internal/git/commands.go:598.33,600.16 2 0
github.com/ritankarsaha/git-tool/internal/git/commands.go:600.16,602.3 1 0
github.com/ritankarsaha/git-tool/internal/git/commands.go:604.2,604.73 1 0
github.com/ritankarsaha/git-tool/internal/git/commands.go:604.73,605.19 1 0
github.com/ritankarsaha/git-tool/internal/git/commands.go:605.19,606.40 1 0
github.com/ritankarsaha/git-tool/internal/git/commands.go:606.40,608.5 1 0
github.com/ritankarsaha/git-tool/internal/git/commands.go:611.2,611.12 1 0
github.com/ritankarsaha/git-tool/internal/git/commands.go:615.35,617.2 1 0
github.com/ritankarsaha/git-tool/internal/git/commands.go:619.66,621.2 1 0
github.com/ritankarsaha/git-tool/internal/git/commands.go:623.34,625.2 1 0
github.com/ritankarsaha/git-tool/internal/git/commands.go:627.49,628.16 1 0
github.com/ritankarsaha/git-tool/internal/git/commands.go:628.16,630.3 1 0
github.com/ritankarsaha/git-tool/internal/git/commands.go:631.2,631.65 1 0
github.com/ritankarsaha/git-tool/internal/git/squash.go:23.52,25.16 2 1
github.com/ritankarsaha/git-tool/internal/git/squash.go:25.16,27.3 1 0
github.com/ritankarsaha/git-tool/internal/git/squash.go:29.2,32.29 3 1
github.com/ritankarsaha/git-tool/internal/git/squash.go:32.29,33.17 1 1
github.com/ritankarsaha/git-tool/internal/git/squash.go:33.17,34.12 1 0
github.com/ritankarsaha/git-tool/internal/git/squash.go:36.3,37.22 2 1
github.com/ritankarsaha/git-tool/internal/git/squash.go:37.22,42.4 1 1
github.com/ritankarsaha/git-tool/internal/git/squash.go:45.2,45.21 1 1
github.com/ritankarsaha/git-tool/internal/git/squash.go:49.54,51.67 1 1
github.com/ritankarsaha/git-tool/internal/git/squash.go:51.67,53.3 1 1
github.com/ritankarsaha/git-tool/internal/git/squash.go:56.2,57.16 2 1
github.com/ritankarsaha/git-tool/internal/git/squash.go:57.16,59.3 1 0
github.com/ritankarsaha/git-tool/internal/git/squash.go:60.2,67.84 4 1
github.com/ritankarsaha/git-tool/internal/git/squash.go:67.84,69.3 1 0
github.com/ritankarsaha/git-tool/internal/git/squash.go:72.2,76.85 3 1
github.com/ritankarsaha/git-tool/internal/git/squash.go:76.85,80.3 2 1
github.com/ritankarsaha/git-tool/internal/git/squash.go:83.2,83.92 1 0
github.com/ritankarsaha/git-tool/internal/git/squash.go:83.92,85.3 1 0
github.com/ritankarsaha/git-tool/internal/git/squash.go:87.2,87.12 1 0
github.com/ritankarsaha/git-tool/internal/git/test_helpers.go:16.51,21.16 3 1
github.com/ritankarsaha/git-tool/internal/git/test_helpers.go:21.16,23.3 1 0
github.com/ritankarsaha/git-tool/internal/git/test_helpers.go:26.2,27.16 2 1
github.com/ritankarsaha/git-tool/internal/git/test_helpers.go:27.16,30.3 2 0
github.com/ritankarsaha/git-tool/internal/git/test_helpers.go:32.2,32.41 1 1
github.com/ritankarsaha/git-tool/internal/git/test_helpers.go:32.41,35.3 2 0
github.com/ritankarsaha/git-tool/internal/git/test_helpers.go:38.2,39.34 2 1
github.com/ritankarsaha/git-tool/internal/git/test_helpers.go:39.34,43.3 3 0
github.com/ritankarsaha/git-tool/internal/git/test_helpers.go:46.2,47.34 2 1
github.com/ritankarsaha/git-tool/internal/git/test_helpers.go:47.34,51.3 3 0
github.com/ritankarsaha/git-tool/internal/git/test_helpers.go:53.2,54.34 2 1
github.com/ritankarsaha/git-tool/internal/git/test_helpers.go:54.34,58.3 3 0
github.com/ritankarsaha/git-tool/internal/git/test_helpers.go:61.2,61.20 1 1
github.com/ritankarsaha/git-tool/internal/git/test_helpers.go:61.20,64.3 2 1
github.com/ritankarsaha/git-tool/internal/git/test_helpers.go:66.2,66.24 1 1
github.com/ritankarsaha/git-tool/internal/git/test_helpers.go:70.57,74.16 3 1
github.com/ritankarsaha/git-tool/internal/git/test_helpers.go:74.16,76.3 1 0
github.com/ritankarsaha/git-tool/internal/git/test_helpers.go:80.53,84.34 3 1
github.com/ritankarsaha/git-tool/internal/git/test_helpers.go:84.34,86.3 1 0
github.com/ritankarsaha/git-tool/internal/git/test_helpers.go:88.2,89.34 2 1
github.com/ritankarsaha/git-tool/internal/git/test_helpers.go:89.34,91.3 1 0
github.com/ritankarsaha/git-tool/internal/git/test_helpers.go:95.61,99.16 3 0
github.com/ritankarsaha/git-tool/internal/git/test_helpers.go:99.16,101.3 1 0
github.com/ritankarsaha/git-tool/internal/git/test_helpers.go:103.2,103.33 1 0
github.com/ritankarsaha/git-tool/internal/git/test_helpers.go:103.33,105.3 1 0
github.com/ritankarsaha/git-tool/internal/git/test_helpers.go:109.50,112.49 2 0
github.com/ritankarsaha/git-tool/internal/git/test_helpers.go:112.49,114.3 1 0
github.com/ritankarsaha/git-tool/internal/git/test_helpers.go:118.49,122.24 3 1
github.com/ritankarsaha/git-tool/internal/git/test_helpers.go:122.24,125.3 2 0
github.com/ritankarsaha/git-tool/internal/git/test_helpers.go:127.2,127.19 1 1
github.com/ritankarsaha/git-tool/internal/git/test_helpers.go:127.19,129.3 1 0
github.com/ritankarsaha/git-tool/internal/git/test_helpers.go:133.53,138.16 4 1
github.com/ritankarsaha/git-tool/internal/git/test_helpers.go:138.16,140.3 1 0
github.com/ritankarsaha/git-tool/internal/git/test_helpers.go:142.2,143.29 2 1
github.com/ritankarsaha/git-tool/internal/git/test_helpers.go:143.29,145.3 1 0
github.com/ritankarsaha/git-tool/internal/git/utils.go:21.49,25.2 3 1
github.com/ritankarsaha/git-tool/internal/git/utils.go:28.51,31.16 2 1
github.com/ritankarsaha/git-tool/internal/git/utils.go:31.16,33.3 1 0
github.com/ritankarsaha/git-tool/internal/git/utils.go:36.2,37.16 2 1
github.com/ritankarsaha/git-tool/internal/git/utils.go:37.16,39.3 1 0
github.com/ritankarsaha/git-tool/internal/git/utils.go:41.2,44.8 1 1
github.com/ritankarsaha/git-tool/internal/git/utils.go:48.46,50.16 2 1
github.com/ritankarsaha/git-tool/internal/git/utils.go:50.16,52.3 1 0
github.com/ritankarsaha/git-tool/internal/git/utils.go:53.2,53.26 1 1
